2023-09-28 16:00:44,763 - INFO: Found a suitable file for downloading, called README
2023-09-28 16:00:44,963 - INFO: Successfully downloaded README to local directory
2023-09-28 16:00:44,964 - INFO: Found a suitable file for downloading, called README.CD-manufacture
2023-09-28 16:00:45,163 - INFO: Successfully downloaded README.CD-manufacture to local directory
2023-09-28 16:00:45,164 - INFO: Found a suitable file for downloading, called README.html
2023-09-28 16:00:45,362 - INFO: Successfully downloaded README.html to local directory
2023-09-28 16:00:45,362 - INFO: Found a suitable file for downloading, called README.mirrors.html
2023-09-28 16:00:45,552 - INFO: Successfully downloaded README.mirrors.html to local directory
2023-09-28 16:00:45,552 - INFO: Found a suitable file for downloading, called README.mirrors.txt
2023-09-28 16:00:45,745 - INFO: Successfully downloaded README.mirrors.txt to local directory
2023-09-28 16:05:08,043 - INFO: Found a suitable file for downloading, called README
2023-09-28 16:05:08,352 - INFO: Successfully downloaded README to local directory
2023-09-28 16:05:08,352 - INFO: Found a suitable file for downloading, called README.CD-manufacture
2023-09-28 16:05:08,651 - INFO: Successfully downloaded README.CD-manufacture to local directory
2023-09-28 16:05:08,651 - INFO: Found a suitable file for downloading, called README.html
2023-09-28 16:05:08,960 - INFO: Successfully downloaded README.html to local directory
2023-09-28 16:05:08,960 - INFO: Found a suitable file for downloading, called README.mirrors.html
2023-09-28 16:05:09,268 - INFO: Successfully downloaded README.mirrors.html to local directory
2023-09-28 16:05:09,269 - INFO: Found a suitable file for downloading, called README.mirrors.txt
2023-09-28 16:05:09,574 - INFO: Successfully downloaded README.mirrors.txt to local directory
2023-09-28 16:09:27,407 - INFO: Logged in successfully as anonymous
2023-09-28 16:09:27,466 - INFO: Changed directory sucessfully
2023-09-28 16:09:27,771 - INFO: Successfully retrieved list of files and directories
2023-09-28 16:09:27,772 - INFO: Found a suitable file for downloading, called README
2023-09-28 16:09:28,079 - INFO: Successfully downloaded README to local directory
2023-09-28 16:09:28,080 - INFO: Found a suitable file for downloading, called README.CD-manufacture
2023-09-28 16:09:28,383 - INFO: Successfully downloaded README.CD-manufacture to local directory
2023-09-28 16:09:28,384 - INFO: Found a suitable file for downloading, called README.html
2023-09-28 16:09:28,694 - INFO: Successfully downloaded README.html to local directory
2023-09-28 16:09:28,694 - INFO: Found a suitable file for downloading, called README.mirrors.html
2023-09-28 16:09:28,997 - INFO: Successfully downloaded README.mirrors.html to local directory
2023-09-28 16:09:28,998 - INFO: Found a suitable file for downloading, called README.mirrors.txt
2023-09-28 16:09:29,297 - INFO: Successfully downloaded README.mirrors.txt to local directory
2023-09-28 16:10:43,238 - INFO: Logging into ftp server at ftp.us.debian.org...
2023-09-28 16:10:43,609 - INFO: Logged in successfully as anonymous
2023-09-28 16:10:43,667 - INFO: Changed directory sucessfully
2023-09-28 16:10:43,966 - INFO: Successfully retrieved list of files and directories
2023-09-28 16:10:43,966 - INFO: Found a suitable file for downloading, called README
2023-09-28 16:10:44,265 - INFO: Successfully downloaded README to local directory
2023-09-28 16:10:44,266 - INFO: Found a suitable file for downloading, called README.CD-manufacture
2023-09-28 16:10:44,569 - INFO: Successfully downloaded README.CD-manufacture to local directory
2023-09-28 16:10:44,569 - INFO: Found a suitable file for downloading, called README.html
2023-09-28 16:10:44,867 - INFO: Successfully downloaded README.html to local directory
2023-09-28 16:10:44,868 - INFO: Found a suitable file for downloading, called README.mirrors.html
2023-09-28 16:10:45,172 - INFO: Successfully downloaded README.mirrors.html to local directory
2023-09-28 16:10:45,173 - INFO: Found a suitable file for downloading, called README.mirrors.txt
2023-09-28 16:10:45,474 - INFO: Successfully downloaded README.mirrors.txt to local directory
2023-09-28 16:19:00,631 - INFO: Logging into ftp server at ftp.us.debian.org...
2023-09-28 16:19:01,181 - INFO: Logged in successfully as anonymous
2023-09-28 16:19:01,239 - INFO: Changed directory sucessfully
2023-09-28 16:20:00,989 - INFO: Script exiting while waiting for scheduled task...
2023-09-28 16:22:00,397 - INFO: Logging into ftp server at ftp.us.debian.org...
2023-09-28 16:22:00,772 - INFO: Logged in successfully as anonymous
2023-09-28 16:22:00,830 - INFO: Changed directory sucessfully
2023-09-28 16:22:01,136 - INFO: Successfully retrieved list of files and directories
2023-09-28 16:22:01,136 - INFO: Found a suitable file for downloading, called README
2023-09-28 16:22:01,441 - INFO: Successfully downloaded README to local directory
2023-09-28 16:22:01,441 - INFO: Found a suitable file for downloading, called README.CD-manufacture
2023-09-28 16:22:01,746 - INFO: Successfully downloaded README.CD-manufacture to local directory
2023-09-28 16:22:01,746 - INFO: Found a suitable file for downloading, called README.html
2023-09-28 16:22:02,056 - INFO: Successfully downloaded README.html to local directory
2023-09-28 16:22:02,056 - INFO: Found a suitable file for downloading, called README.mirrors.html
2023-09-28 16:22:02,368 - INFO: Successfully downloaded README.mirrors.html to local directory
2023-09-28 16:22:02,369 - INFO: Found a suitable file for downloading, called README.mirrors.txt
2023-09-28 16:22:02,669 - INFO: Successfully downloaded README.mirrors.txt to local directory
2023-09-28 16:23:07,900 - INFO: Script exiting while waiting for scheduled task...
2023-09-28 16:30:00,754 - INFO: Logging into ftp server at test.rebex.net...
2023-09-28 16:30:02,096 - INFO: Logged in successfully as demo
2023-09-28 16:30:02,245 - INFO: Changed directory sucessfully
2023-09-28 16:30:02,852 - INFO: Successfully retrieved list of files and directories
2023-09-28 16:30:02,853 - INFO: Found a suitable file for downloading, called imap-console-client.png
2023-09-28 16:30:03,622 - INFO: Successfully downloaded imap-console-client.png to local directory
2023-09-28 16:30:03,622 - INFO: Found a suitable file for downloading, called KeyGenerator.png
2023-09-28 16:30:05,140 - INFO: Successfully downloaded KeyGenerator.png to local directory
2023-09-28 16:30:05,140 - INFO: Found a suitable file for downloading, called KeyGeneratorSmall.png
2023-09-28 16:30:05,904 - INFO: Successfully downloaded KeyGeneratorSmall.png to local directory
2023-09-28 16:30:05,904 - INFO: Found a suitable file for downloading, called mail-editor.png
2023-09-28 16:30:06,666 - INFO: Successfully downloaded mail-editor.png to local directory
2023-09-28 16:30:06,667 - INFO: Found a suitable file for downloading, called mail-send-winforms.png
2023-09-28 16:30:07,433 - INFO: Successfully downloaded mail-send-winforms.png to local directory
2023-09-28 16:30:07,434 - INFO: Found a suitable file for downloading, called mime-explorer.png
2023-09-28 16:30:09,105 - INFO: Successfully downloaded mime-explorer.png to local directory
2023-09-28 16:30:09,106 - INFO: Found a suitable file for downloading, called pocketftp.png
2023-09-28 16:30:10,017 - INFO: Successfully downloaded pocketftp.png to local directory
2023-09-28 16:30:10,018 - INFO: Found a suitable file for downloading, called pocketftpSmall.png
2023-09-28 16:30:11,120 - INFO: Successfully downloaded pocketftpSmall.png to local directory
2023-09-28 16:30:11,121 - INFO: Found a suitable file for downloading, called pop3-browser.png
2023-09-28 16:30:12,082 - INFO: Successfully downloaded pop3-browser.png to local directory
2023-09-28 16:30:12,082 - INFO: Found a suitable file for downloading, called pop3-console-client.png
2023-09-28 16:30:12,691 - INFO: Successfully downloaded pop3-console-client.png to local directory
2023-09-28 16:30:12,691 - INFO: Found a suitable file for downloading, called readme.txt
2023-09-28 16:30:13,293 - INFO: Successfully downloaded readme.txt to local directory
2023-09-28 16:30:13,293 - INFO: Found a suitable file for downloading, called ResumableTransfer.png
2023-09-28 16:30:13,892 - INFO: Successfully downloaded ResumableTransfer.png to local directory
2023-09-28 16:30:13,892 - INFO: Found a suitable file for downloading, called winceclient.png
2023-09-28 16:30:14,517 - INFO: Successfully downloaded winceclient.png to local directory
2023-09-28 16:30:14,518 - INFO: Found a suitable file for downloading, called winceclientSmall.png
2023-09-28 16:30:15,130 - INFO: Successfully downloaded winceclientSmall.png to local directory
2023-09-28 16:30:15,131 - INFO: Found a suitable file for downloading, called WinFormClient.png
2023-09-28 16:30:16,048 - INFO: Successfully downloaded WinFormClient.png to local directory
2023-09-28 16:30:16,048 - INFO: Found a suitable file for downloading, called WinFormClientSmall.png
2023-09-28 16:30:16,806 - INFO: Successfully downloaded WinFormClientSmall.png to local directory
2023-09-28 16:30:16,955 - INFO: Logged out of server sucessfully
2023-09-28 16:43:43,110 - INFO: Script exiting while waiting for scheduled task...
2023-09-28 16:44:00,247 - INFO: Logging into ftp server at test.rebex.net...
2023-09-28 16:44:01,493 - INFO: Logged in successfully as demo
2023-09-28 16:44:01,642 - INFO: Changed directory sucessfully
2023-09-28 16:44:02,261 - INFO: Successfully retrieved list of files and directories
2023-09-28 16:44:02,261 - INFO: Found a suitable file for downloading, called imap-console-client.png
2023-09-28 16:44:03,380 - INFO: Successfully downloaded imap-console-client.png to local directory
2023-09-28 16:44:03,381 - INFO: Found a suitable file for downloading, called KeyGenerator.png
2023-09-28 16:44:04,148 - INFO: Successfully downloaded KeyGenerator.png to local directory
2023-09-28 16:44:04,149 - INFO: Found a suitable file for downloading, called KeyGeneratorSmall.png
2023-09-28 16:44:05,271 - INFO: Successfully downloaded KeyGeneratorSmall.png to local directory
2023-09-28 16:44:05,272 - INFO: Found a suitable file for downloading, called mail-editor.png
2023-09-28 16:44:06,042 - INFO: Successfully downloaded mail-editor.png to local directory
2023-09-28 16:44:06,042 - INFO: Found a suitable file for downloading, called mail-send-winforms.png
2023-09-28 16:44:06,813 - INFO: Successfully downloaded mail-send-winforms.png to local directory
2023-09-28 16:44:06,813 - INFO: Found a suitable file for downloading, called mime-explorer.png
2023-09-28 16:44:07,729 - INFO: Successfully downloaded mime-explorer.png to local directory
2023-09-28 16:44:07,729 - INFO: Found a suitable file for downloading, called pocketftp.png
2023-09-28 16:44:08,639 - INFO: Successfully downloaded pocketftp.png to local directory
2023-09-28 16:44:08,640 - INFO: Found a suitable file for downloading, called pocketftpSmall.png
2023-09-28 16:44:09,414 - INFO: Successfully downloaded pocketftpSmall.png to local directory
2023-09-28 16:44:09,415 - INFO: Found a suitable file for downloading, called pop3-browser.png
2023-09-28 16:44:10,178 - INFO: Successfully downloaded pop3-browser.png to local directory
2023-09-28 16:44:10,178 - INFO: Found a suitable file for downloading, called pop3-console-client.png
2023-09-28 16:44:10,791 - INFO: Successfully downloaded pop3-console-client.png to local directory
2023-09-28 16:44:10,792 - INFO: Found a suitable file for downloading, called readme.txt
2023-09-28 16:44:11,402 - INFO: Successfully downloaded readme.txt to local directory
2023-09-28 16:44:11,402 - INFO: Found a suitable file for downloading, called ResumableTransfer.png
2023-09-28 16:44:12,014 - INFO: Successfully downloaded ResumableTransfer.png to local directory
2023-09-28 16:44:12,015 - INFO: Found a suitable file for downloading, called winceclient.png
2023-09-28 16:44:12,632 - INFO: Successfully downloaded winceclient.png to local directory
2023-09-28 16:44:12,632 - INFO: Found a suitable file for downloading, called winceclientSmall.png
2023-09-28 16:44:13,242 - INFO: Successfully downloaded winceclientSmall.png to local directory
2023-09-28 16:44:13,243 - INFO: Found a suitable file for downloading, called WinFormClient.png
2023-09-28 16:44:14,160 - INFO: Successfully downloaded WinFormClient.png to local directory
2023-09-28 16:44:14,160 - INFO: Found a suitable file for downloading, called WinFormClientSmall.png
2023-09-28 16:44:15,122 - INFO: Successfully downloaded WinFormClientSmall.png to local directory
2023-09-28 16:44:15,277 - INFO: Logged out of server sucessfully
2023-09-28 16:44:15,277 - INFO: Will download these files again tomorrow at 16:44
2023-09-28 16:44:41,297 - INFO: Script exiting while waiting for scheduled task...
